<?xml version="1.0" encoding="UTF-8"?>
<testng-results ignored="0" total="1" passed="1" failed="0" skipped="0">
  <reporter-output>
  </reporter-output>
  <suite started-at="2022-03-13T12:20:09 IST" name="Suite" finished-at="2022-03-13T12:20:40 IST" duration-ms="30578">
    <groups>
    </groups>
    <test started-at="2022-03-13T12:20:09 IST" name="OpenCart Tests" finished-at="2022-03-13T12:20:40 IST" duration-ms="30578">
      <class name="testCases.TC_014_AdressBook">
        <test-method is-config="true" signature="setup(java.lang.String)[pri:0, instance:testCases.TC_014_AdressBook@45099dd3]" started-at="2022-03-13T12:20:10 IST" name="setup" finished-at="2022-03-13T12:20:16 IST" duration-ms="6471" status="PASS">
          <params>
            <param index="0">
              <value>
                <![CDATA[chrome]]>
              </value>
            </param>
          </params>
          <reporter-output>
          </reporter-output>
        </test-method> <!-- setup -->
        <test-method signature="test_AdressBook()[pri:0, instance:testCases.TC_014_AdressBook@45099dd3]" started-at="2022-03-13T12:20:16 IST" name="test_AdressBook" finished-at="2022-03-13T12:20:39 IST" duration-ms="23159" status="PASS">
          <reporter-output>
          </reporter-output>
        </test-method> <!-- test_AdressBook -->
        <test-method is-config="true" signature="tearDown()[pri:0, instance:testCases.TC_014_AdressBook@45099dd3]" started-at="2022-03-13T12:20:39 IST" name="tearDown" finished-at="2022-03-13T12:20:40 IST" duration-ms="384" status="PASS">
          <reporter-output>
          </reporter-output>
        </test-method> <!-- tearDown -->
      </class> <!-- testCases.TC_014_AdressBook -->
    </test> <!-- OpenCart Tests -->
  </suite> <!-- Suite -->
</testng-results>
